{"C:\\Users\\ferre\\OneDrive\\Bureau\\Testing with jest\\js\\cloneArray.js": {"path":"C:\\Users\\ferre\\OneDrive\\Bureau\\Testing with jest\\js\\cloneArray.js","statementMap":{"0":{"start":{"line":2,"column":4},"end":{"line":2,"column":21}},"1":{"start":{"line":5,"column":0},"end":{"line":5,"column":27}}},"fnMap":{"0":{"name":"cloneArray","decl":{"start":{"line":1,"column":9},"end":{"line":1,"column":19}},"loc":{"start":{"line":1,"column":27},"end":{"line":3,"column":1}},"line":1}},"branchMap":{},"s":{"0":1,"1":1},"f":{"0":1},"b":{},"_coverageSchema":"1a1c01bbd47fc00a2c39e90264f33305004495a9","hash":"8b5910b9393ca996490a22417b6ce21c9c4f8e22"}
,"C:\\Users\\ferre\\OneDrive\\Bureau\\Testing with jest\\js\\subtract.js": {"path":"C:\\Users\\ferre\\OneDrive\\Bureau\\Testing with jest\\js\\subtract.js","statementMap":{"0":{"start":{"line":2,"column":4},"end":{"line":2,"column":16}},"1":{"start":{"line":5,"column":0},"end":{"line":5,"column":25}}},"fnMap":{"0":{"name":"subtract","decl":{"start":{"line":1,"column":9},"end":{"line":1,"column":17}},"loc":{"start":{"line":1,"column":25},"end":{"line":3,"column":1}},"line":1}},"branchMap":{},"s":{"0":1,"1":1},"f":{"0":1},"b":{},"_coverageSchema":"1a1c01bbd47fc00a2c39e90264f33305004495a9","hash":"e5e8c7b8527f6da2e26860a900c808943194a491"}
,"C:\\Users\\ferre\\OneDrive\\Bureau\\Testing with jest\\js\\sum.js": {"path":"C:\\Users\\ferre\\OneDrive\\Bureau\\Testing with jest\\js\\sum.js","statementMap":{"0":{"start":{"line":2,"column":4},"end":{"line":2,"column":16}},"1":{"start":{"line":5,"column":0},"end":{"line":5,"column":20}}},"fnMap":{"0":{"name":"sum","decl":{"start":{"line":1,"column":9},"end":{"line":1,"column":12}},"loc":{"start":{"line":1,"column":20},"end":{"line":3,"column":1}},"line":1}},"branchMap":{},"s":{"0":1,"1":1},"f":{"0":1},"b":{},"_coverageSchema":"1a1c01bbd47fc00a2c39e90264f33305004495a9","hash":"784f66914f26e15b876d79116216988fdc0fb848"}
,"C:\\Users\\ferre\\OneDrive\\Bureau\\Testing with jest\\js\\sum2.js": {"path":"C:\\Users\\ferre\\OneDrive\\Bureau\\Testing with jest\\js\\sum2.js","statementMap":{"0":{"start":{"line":2,"column":4},"end":{"line":2,"column":16}},"1":{"start":{"line":5,"column":0},"end":{"line":5,"column":21}}},"fnMap":{"0":{"name":"sum2","decl":{"start":{"line":1,"column":9},"end":{"line":1,"column":13}},"loc":{"start":{"line":1,"column":22},"end":{"line":3,"column":1}},"line":1}},"branchMap":{},"s":{"0":1,"1":1},"f":{"0":1},"b":{},"_coverageSchema":"1a1c01bbd47fc00a2c39e90264f33305004495a9","hash":"ffefe9cabc0d2eefe1cf925ef4754813036b0e0c"}
}
